=== 2026-06-05T07:07:37Z daily_report start ===
JSON: /Users/DEV/Elliott-wave/brain-output/signals/daily_report.json
Markdown: /Users/DEV/Elliott-wave/brain-output/signals/daily_report.md
=== 2026-06-05T07:07:40Z daily_report done ===
=== 2026-06-05T07:25:55Z daily_report start ===
JSON: /Users/DEV/Elliott-wave/brain-output/signals/daily_report.json
Markdown: /Users/DEV/Elliott-wave/brain-output/signals/daily_report.md
Telegram skipped: TELEGRAM_BOT_TOKEN or TELEGRAM_CHAT_ID is not configured
=== 2026-06-05T07:25:58Z daily_report done ===
=== 2026-06-05T07:28:00Z daily_report start ===
JSON: /Users/DEV/Elliott-wave/brain-output/signals/daily_report.json
Markdown: /Users/DEV/Elliott-wave/brain-output/signals/daily_report.md
=== 2026-06-05T07:28:04Z daily_report done ===
=== 2026-06-06T06:45:04Z daily_report start ===
Traceback (most recent call last):
  File "/Users/DEV/Elliott-wave/python/scripts/daily_report.py", line 13, in <module>
    from ewb.research import load_probability_calibration, log_processing_error
  File "/Users/DEV/Elliott-wave/python/ewb/research/__init__.py", line 3, in <module>
    from .data import download_ohlc, normalize_ohlc
  File "/Users/DEV/Elliott-wave/python/ewb/research/data.py", line 5, in <module>
    import yfinance as yf
ModuleNotFoundError: No module named 'yfinance'
=== 2026-06-07T06:52:55Z daily_report start ===
Traceback (most recent call last):
  File "/Users/DEV/Elliott-wave/python/scripts/daily_report.py", line 13, in <module>
    from ewb.research import load_probability_calibration, log_processing_error
  File "/Users/DEV/Elliott-wave/python/ewb/research/__init__.py", line 3, in <module>
    from .data import download_ohlc, normalize_ohlc
  File "/Users/DEV/Elliott-wave/python/ewb/research/data.py", line 5, in <module>
    import yfinance as yf
ModuleNotFoundError: No module named 'yfinance'
=== 2026-06-08T07:00:23Z daily_report start ===
Traceback (most recent call last):
  File "/Users/DEV/Elliott-wave/python/scripts/daily_report.py", line 13, in <module>
    from ewb.research import load_probability_calibration, log_processing_error
  File "/Users/DEV/Elliott-wave/python/ewb/research/__init__.py", line 3, in <module>
    from .data import download_ohlc, normalize_ohlc
  File "/Users/DEV/Elliott-wave/python/ewb/research/data.py", line 5, in <module>
    import yfinance as yf
ModuleNotFoundError: No module named 'yfinance'
=== 2026-06-09T06:45:05Z daily_report start ===
Traceback (most recent call last):
  File "/Users/DEV/Elliott-wave/python/scripts/daily_report.py", line 13, in <module>
    from ewb.research import load_probability_calibration, log_processing_error
  File "/Users/DEV/Elliott-wave/python/ewb/research/__init__.py", line 3, in <module>
    from .data import download_ohlc, normalize_ohlc
  File "/Users/DEV/Elliott-wave/python/ewb/research/data.py", line 5, in <module>
    import yfinance as yf
ModuleNotFoundError: No module named 'yfinance'
